Arguments: 
  C:\Program Files\nodejs\node.exe C:\Program Files (x86)\Yarn\bin\yarn.js start

PATH: 
  C:\Users\Eric\bin;C:\Program Files\Git\mingw64\bin;C:\Program Files\Git\usr\local\bin;C:\Program Files\Git\usr\bin;C:\Program Files\Git\usr\bin;C:\Program Files\Git\mingw64\bin;C:\Program Files\Git\usr\bin;C:\Users\Eric\bin;C:\ProgramData\DockerDesktop\version-bin;C:\Program Files\Docker\Docker\Resources\bin;C:\Program Files (x86)\Intel\iCLS Client;C:\ProgramData\Oracle\Java\javapath;C:\Program Files\Microsoft MPI\Bin;C:\Program Files\Intel\iCLS Client;C:\Windows\system32;C:\Windows;C:\Windows\System32\Wbem;C:\Windows\System32\WindowsPowerShell\v1.0;C:\Program Files (x86)\NVIDIA Corporation\PhysX\Common;C:\Program Files\Microsoft SQL Server\130\Tools\Binn;C:\Program Files\dotnet;C:\Program Files\Microsoft\Web Platform Installer;C:\Program Files\nodejs;C:\Program Files (x86)\Microsoft SQL Server\110\DTS\Binn;C:\Program Files (x86)\Microsoft SQL Server\120\DTS\Binn;C:\Program Files (x86)\Microsoft SQL Server\130\DTS\Binn;C:\Program Files (x86)\Microsoft SQL Server\140\DTS\Binn;C:\Program Files\Microsoft SQL Server\Client SDK\ODBC\130\Tools\Binn;C:\Program Files (x86)\Microsoft SQL Server\140\Tools\Binn;C:\Program Files\Microsoft SQL Server\140\Tools\Binn;C:\Program Files\Microsoft SQL Server\140\DTS\Binn;C:\Program Files (x86)\Microsoft SQL Server\Client SDK\ODBC\130\Tools\Binn;C:\Program Files (x86)\Microsoft SQL Server\140\Tools\Binn\ManagementStudio;C:\Program Files (x86)\Yarn\bin;C:\Program Files\Microsoft DNX\Dnvm;C:\Program Files (x86)\Intel\Intel(R) Management Engine Components\DAL;C:\Program Files\Intel\Intel(R) Management Engine Components\DAL;C:\Program Files (x86)\Intel\Intel(R) Management Engine Components\IPT;C:\Program Files\Intel\Intel(R) Management Engine Components\IPT;C:\WINDOWS\system32;C:\WINDOWS;C:\WINDOWS\System32\Wbem;C:\WINDOWS\System32\WindowsPowerShell\v1.0;C:\WINDOWS\System32\OpenSSH;C:\Program Files\Git\cmd;C:\Program Files\Microsoft VS Code\bin;C:\ProgramData\chocolatey\bin;C:\Program Files\Amazon\AWSCLI\bin;C:\Users\Eric\AppData\Local\Microsoft\WindowsApps;C:\Program Files\Microsoft VS Code\bin;C:\Users\Eric\AppData\Roaming\npm;C:\Users\Eric\AppData\Local\Yarn\bin;.bin;C:\Users\Eric\AppData\Local\Programs\Fiddler;C:\Users\Eric\AppData\Local\Microsoft\WindowsApps;C:\Users\Eric\.dotnet\tools;C:\Program Files\Amazon\AWSCLI\bin;C:\Program Files\Git\usr\bin\vendor_perl;C:\Program Files\Git\usr\bin\core_perl

Yarn version: 
  1.5.1

Node version: 
  8.11.1

Platform: 
  win32 x64

npm manifest: 
  {
      "name": "defi-direct-ui-build",
      "version": "0.1.0",
      "private": true,
      "dependencies": {
          "js-yaml": "^3.12.0",
          "mysql": "^2.16.0"
      }
  }

yarn manifest: 
  No manifest

Lockfile: 
  No lockfile

Trace: 
  Error: Command "start" not found.
      at new MessageError (C:\Program Files (x86)\Yarn\lib\cli.js:186:110)
      at C:\Program Files (x86)\Yarn\lib\cli.js:87307:17
      at Generator.next (<anonymous>)
      at step (C:\Program Files (x86)\Yarn\lib\cli.js:98:30)
      at C:\Program Files (x86)\Yarn\lib\cli.js:116:14
      at new Promise (<anonymous>)
      at new F (C:\Program Files (x86)\Yarn\lib\cli.js:23451:28)
      at C:\Program Files (x86)\Yarn\lib\cli.js:95:12
      at runCommand (C:\Program Files (x86)\Yarn\lib\cli.js:87312:22)
      at Object.<anonymous> (C:\Program Files (x86)\Yarn\lib\cli.js:87412:14)
